[INFO] 2026-03-06 12:00:09,748 django.utils.autoreload run_with_reloader:667 - Watching for file changes with StatReloader
[INFO] 2026-03-06 12:00:09,798 apps.vendors.services.dojah __init__:49 - 🧪 Dojah Service running in SANDBOX mode
[INFO] 2026-03-06 12:00:15,827 django.server log_message:213 - "GET /login/ HTTP/1.1" 200 10035
[INFO] 2026-03-06 12:00:15,997 django.server log_message:213 - "GET /login/ HTTP/1.1" 200 10035
[INFO] 2026-03-06 12:00:16,178 django.server log_message:213 - "GET /login/ HTTP/1.1" 200 10035
[ERROR] 2026-03-06 12:00:34,301 django.request log_response:253 - Internal Server Error: /login/
Traceback (most recent call last):
  File "C:\Users\user\Desktop\kasuMarketplace\venv\Lib\site-packages\django\core\handlers\exception.py", line 55, in inner
    response = get_response(request)
  File "C:\Users\user\Desktop\kasuMarketplace\venv\Lib\site-packages\django\core\handlers\base.py", line 197, in _get_response
    response = wrapped_callback(request, *callback_args, **callback_kwargs)
  File "C:\Users\user\Desktop\kasuMarketplace\venv\Lib\site-packages\django\views\generic\base.py", line 105, in view
    return self.dispatch(request, *args, **kwargs)
           ~~~~~~~~~~~~~^^^^^^^^^^^^^^^^^^^^^^^^^^
  File "C:\Users\user\Desktop\kasuMarketplace\venv\Lib\site-packages\django\views\generic\base.py", line 144, in dispatch
    return handler(request, *args, **kwargs)
  File "C:\Users\user\Desktop\kasuMarketplace\apps\users\views.py", line 191, in post
    if form.is_valid():
       ~~~~~~~~~~~~~^^
  File "C:\Users\user\Desktop\kasuMarketplace\venv\Lib\site-packages\django\forms\forms.py", line 206, in is_valid
    return self.is_bound and not self.errors
                                 ^^^^^^^^^^^
  File "C:\Users\user\Desktop\kasuMarketplace\venv\Lib\site-packages\django\forms\forms.py", line 201, in errors
    self.full_clean()
    ~~~~~~~~~~~~~~~^^
  File "C:\Users\user\Desktop\kasuMarketplace\venv\Lib\site-packages\django\forms\forms.py", line 338, in full_clean
    self._clean_form()
    ~~~~~~~~~~~~~~~~^^
  File "C:\Users\user\Desktop\kasuMarketplace\venv\Lib\site-packages\django\forms\forms.py", line 354, in _clean_form
    cleaned_data = self.clean()
  File "C:\Users\user\Desktop\kasuMarketplace\apps\users\forms.py", line 332, in clean
    public = getattr(settings, 'RECAPTCHA_PUBLIC_KEY', '')
                     ^^^^^^^^
NameError: name 'settings' is not defined
[ERROR] 2026-03-06 12:00:34,399 django.server log_message:213 - "POST /login/ HTTP/1.1" 500 115824
[ERROR] 2026-03-06 12:00:58,871 django.request log_response:253 - Internal Server Error: /login/
Traceback (most recent call last):
  File "C:\Users\user\Desktop\kasuMarketplace\venv\Lib\site-packages\django\core\handlers\exception.py", line 55, in inner
    response = get_response(request)
  File "C:\Users\user\Desktop\kasuMarketplace\venv\Lib\site-packages\django\core\handlers\base.py", line 197, in _get_response
    response = wrapped_callback(request, *callback_args, **callback_kwargs)
  File "C:\Users\user\Desktop\kasuMarketplace\venv\Lib\site-packages\django\views\generic\base.py", line 105, in view
    return self.dispatch(request, *args, **kwargs)
           ~~~~~~~~~~~~~^^^^^^^^^^^^^^^^^^^^^^^^^^
  File "C:\Users\user\Desktop\kasuMarketplace\venv\Lib\site-packages\django\views\generic\base.py", line 144, in dispatch
    return handler(request, *args, **kwargs)
  File "C:\Users\user\Desktop\kasuMarketplace\apps\users\views.py", line 191, in post
    if form.is_valid():
       ~~~~~~~~~~~~~^^
  File "C:\Users\user\Desktop\kasuMarketplace\venv\Lib\site-packages\django\forms\forms.py", line 206, in is_valid
    return self.is_bound and not self.errors
                                 ^^^^^^^^^^^
  File "C:\Users\user\Desktop\kasuMarketplace\venv\Lib\site-packages\django\forms\forms.py", line 201, in errors
    self.full_clean()
    ~~~~~~~~~~~~~~~^^
  File "C:\Users\user\Desktop\kasuMarketplace\venv\Lib\site-packages\django\forms\forms.py", line 338, in full_clean
    self._clean_form()
    ~~~~~~~~~~~~~~~~^^
  File "C:\Users\user\Desktop\kasuMarketplace\venv\Lib\site-packages\django\forms\forms.py", line 354, in _clean_form
    cleaned_data = self.clean()
  File "C:\Users\user\Desktop\kasuMarketplace\apps\users\forms.py", line 332, in clean
    public = getattr(settings, 'RECAPTCHA_PUBLIC_KEY', '')
                     ^^^^^^^^
NameError: name 'settings' is not defined
[ERROR] 2026-03-06 12:00:58,889 django.server log_message:213 - "POST /login/ HTTP/1.1" 500 115842
[INFO] 2026-03-06 12:01:24,628 django.utils.autoreload trigger_reload:265 - C:\Users\user\Desktop\kasuMarketplace\apps\users\forms.py changed, reloading.
[INFO] 2026-03-06 12:01:29,096 django.utils.autoreload run_with_reloader:667 - Watching for file changes with StatReloader
[INFO] 2026-03-06 12:01:29,177 apps.vendors.services.dojah __init__:49 - 🧪 Dojah Service running in SANDBOX mode
[INFO] 2026-03-06 12:01:36,455 django.server log_message:213 - "GET /login/ HTTP/1.1" 200 10026
[INFO] 2026-03-06 12:01:52,032 django.server log_message:213 - "POST /login/ HTTP/1.1" 200 10175
[INFO] 2026-03-06 12:08:04,151 apps.vendors.services.dojah __init__:49 - 🧪 Dojah Service running in SANDBOX mode
[INFO] 2026-03-06 12:08:04,264 apps.marketplace.signals create_buyer_profile:27 - BuyerProfile created for bar@example.com
[INFO] 2026-03-06 12:08:32,389 apps.vendors.services.dojah __init__:49 - 🧪 Dojah Service running in SANDBOX mode
[INFO] 2026-03-06 12:08:32,536 apps.marketplace.signals create_buyer_profile:27 - BuyerProfile created for bar@example.com
[DEBUG] 2026-03-06 12:08:33,876 urllib3.connectionpool _new_conn:1049 - Starting new HTTPS connection (1): www.google.com:443
[DEBUG] 2026-03-06 12:08:35,613 urllib3.connectionpool _make_request:544 - https://www.google.com:443 "POST /recaptcha/api/siteverify HTTP/1.1" 200 None
[INFO] 2026-03-06 12:10:19,178 apps.vendors.services.dojah __init__:49 - 🧪 Dojah Service running in SANDBOX mode
[INFO] 2026-03-06 12:10:19,293 apps.marketplace.signals create_buyer_profile:27 - BuyerProfile created for bar@example.com
[INFO] 2026-03-06 12:11:31,768 apps.vendors.services.dojah __init__:49 - 🧪 Dojah Service running in SANDBOX mode
[INFO] 2026-03-06 12:11:31,900 apps.marketplace.signals create_buyer_profile:27 - BuyerProfile created for bar@example.com
[INFO] 2026-03-06 12:11:48,303 apps.vendors.services.dojah __init__:49 - 🧪 Dojah Service running in SANDBOX mode
[INFO] 2026-03-06 12:11:48,424 apps.marketplace.signals create_buyer_profile:27 - BuyerProfile created for bar@example.com
[INFO] 2026-03-06 12:12:18,008 apps.vendors.services.dojah __init__:49 - 🧪 Dojah Service running in SANDBOX mode
[INFO] 2026-03-06 12:12:18,123 apps.marketplace.signals create_buyer_profile:27 - BuyerProfile created for bar@example.com
[INFO] 2026-03-06 12:13:44,936 apps.vendors.services.dojah __init__:49 - 🧪 Dojah Service running in SANDBOX mode
[INFO] 2026-03-06 12:13:45,067 apps.marketplace.signals create_buyer_profile:27 - BuyerProfile created for clearrole@example.com
[INFO] 2026-03-06 12:13:47,963 apps.vendors.signals create_vendor_wallet:60 - Wallet created for vendor: vendorlogin@example.com
[INFO] 2026-03-06 12:13:47,964 apps.vendors.signals create_vendor_profile_for_vendor_users:38 - VendorProfile created for vendor: vendorlogin@example.com
[INFO] 2026-03-06 12:13:50,499 apps.marketplace.signals create_buyer_profile:27 - BuyerProfile created for conflict@example.com
[WARNING] 2026-03-06 12:13:50,522 apps.users.adapters pre_social_login:20 - No email addresses in sociallogin object
[INFO] 2026-03-06 12:13:50,531 apps.vendors.signals create_vendor_wallet:60 - Wallet created for vendor: taken@example.com
[INFO] 2026-03-06 12:13:50,533 apps.vendors.signals create_vendor_profile_for_vendor_users:38 - VendorProfile created for vendor: taken@example.com
[INFO] 2026-03-06 12:13:50,542 apps.vendors.signals create_vendor_wallet:60 - Wallet created for vendor: v@example.com
[INFO] 2026-03-06 12:13:50,543 apps.vendors.signals create_vendor_profile_for_vendor_users:38 - VendorProfile created for vendor: v@example.com
[INFO] 2026-03-06 12:13:50,601 apps.vendors.signals create_vendor_wallet:60 - Wallet created for vendor: vendor@example.com
[INFO] 2026-03-06 12:13:50,601 apps.vendors.signals create_vendor_profile_for_vendor_users:38 - VendorProfile created for vendor: vendor@example.com
[INFO] 2026-03-06 12:13:50,606 apps.users.adapters save_user:139 - User created from social login: vendor@example.com
[INFO] 2026-03-06 12:13:50,606 apps.users.adapters save_user:152 - Updating user fields - username: vendor, email: vendor@example.com
[INFO] 2026-03-06 12:13:50,607 apps.users.adapters save_user:172 - About to save user with: username=vendor, is_verified=True, is_active=True, role=vendor
[INFO] 2026-03-06 12:13:50,608 apps.users.adapters save_user:177 - User save successful: vendor@example.com
[INFO] 2026-03-06 12:13:50,609 apps.users.adapters save_user:187 - Social login user setup complete: vendor@example.com (verified=True, active=True, role=vendor)
[INFO] 2026-03-06 12:13:50,620 apps.vendors.signals create_vendor_wallet:60 - Wallet created for vendor: vendor2@example.com
[INFO] 2026-03-06 12:13:50,621 apps.vendors.signals create_vendor_profile_for_vendor_users:38 - VendorProfile created for vendor: vendor2@example.com
[INFO] 2026-03-06 12:13:50,624 apps.users.adapters save_user:139 - User created from social login: vendor2@example.com
[INFO] 2026-03-06 12:13:50,625 apps.users.adapters save_user:152 - Updating user fields - username: vendor2, email: vendor2@example.com
[INFO] 2026-03-06 12:13:50,626 apps.users.adapters save_user:172 - About to save user with: username=vendor2, is_verified=True, is_active=True, role=vendor
[INFO] 2026-03-06 12:13:50,627 apps.users.adapters save_user:177 - User save successful: vendor2@example.com
[INFO] 2026-03-06 12:13:50,628 apps.users.adapters save_user:187 - Social login user setup complete: vendor2@example.com (verified=True, active=True, role=vendor)
[INFO] 2026-03-06 12:13:50,629 apps.users.signals _assign_role_from_request:20 - _assign_role_from_request: skipping role assignment for vendor2@example.com (already 'vendor')
[INFO] 2026-03-06 12:13:50,630 apps.users.signals assign_role_on_social_signup:89 - Assigned role 'vendor' on social signup for vendor2@example.com
[INFO] 2026-03-06 12:13:50,635 apps.users.adapters populate_user:95 - OAuth Provider: google
[INFO] 2026-03-06 12:13:50,636 apps.users.adapters populate_user:96 - OAuth Data Keys: ['email']
[DEBUG] 2026-03-06 12:13:50,637 apps.users.adapters populate_user:97 - OAuth Data: {'email': 'vendor@example.com'}
[INFO] 2026-03-06 12:15:37,855 apps.vendors.services.dojah __init__:49 - 🧪 Dojah Service running in SANDBOX mode
[INFO] 2026-03-06 12:15:37,972 apps.vendors.signals create_vendor_wallet:60 - Wallet created for vendor: vendorlogin@example.com
[INFO] 2026-03-06 12:15:37,973 apps.vendors.signals create_vendor_profile_for_vendor_users:38 - VendorProfile created for vendor: vendorlogin@example.com
[INFO] 2026-03-06 12:15:40,528 apps.marketplace.signals create_buyer_profile:27 - BuyerProfile created for conflict@example.com
[INFO] 2026-03-06 12:15:40,533 apps.users.adapters pre_social_login:26 - Looking for existing user with email: conflict@example.com
[INFO] 2026-03-06 12:15:40,534 apps.users.adapters pre_social_login:28 - Found existing user, connecting: conflict@example.com
[ERROR] 2026-03-06 12:15:40,538 apps.users.adapters pre_social_login:87 - Error in pre_social_login: You cannot add messages without installing django.contrib.messages.middleware.MessageMiddleware
Traceback (most recent call last):
  File "C:\Users\user\Desktop\kasuMarketplace\venv\Lib\site-packages\django\contrib\messages\api.py", line 27, in add_message
    messages = request._messages
               ^^^^^^^^^^^^^^^^^
AttributeError: 'WSGIRequest' object has no attribute '_messages'

During handling of the above exception, another exception occurred:

Traceback (most recent call last):
  File "C:\Users\user\Desktop\kasuMarketplace\apps\users\adapters.py", line 65, in pre_social_login
    messages.error(
    ~~~~~~~~~~~~~~^
        request,
        ^^^^^^^^
        f"Email already registered as {user.get_role_display()}. "
        ^^^^^^^^^^^^^^^^^^^^^^^^^^^^^^^^^^^^^^^^^^^^^^^^^^^^^^^^^^
        f"Please log in or use a different address."
        ^^^^^^^^^^^^^^^^^^^^^^^^^^^^^^^^^^^^^^^^^^^^
    )
    ^
  File "C:\Users\user\Desktop\kasuMarketplace\venv\Lib\site-packages\django\contrib\messages\api.py", line 121, in error
    add_message(
    ~~~~~~~~~~~^
        request,
        ^^^^^^^^
    ...<3 lines>...
        fail_silently=fail_silently,
        ^^^^^^^^^^^^^^^^^^^^^^^^^^^^
    )
    ^
  File "C:\Users\user\Desktop\kasuMarketplace\venv\Lib\site-packages\django\contrib\messages\api.py", line 35, in add_message
    raise MessageFailure(
    ...<2 lines>...
    )
django.contrib.messages.api.MessageFailure: You cannot add messages without installing django.contrib.messages.middleware.MessageMiddleware
[INFO] 2026-03-06 12:15:40,633 apps.vendors.signals create_vendor_wallet:60 - Wallet created for vendor: v@example.com
[INFO] 2026-03-06 12:15:40,635 apps.vendors.signals create_vendor_profile_for_vendor_users:38 - VendorProfile created for vendor: v@example.com
[INFO] 2026-03-06 12:15:40,638 apps.marketplace.signals create_buyer_profile:27 - BuyerProfile created for b@example.com
[INFO] 2026-03-06 12:16:28,532 apps.vendors.services.dojah __init__:49 - 🧪 Dojah Service running in SANDBOX mode
[INFO] 2026-03-06 12:16:28,652 apps.vendors.signals create_vendor_wallet:60 - Wallet created for vendor: vendorlogin@example.com
[INFO] 2026-03-06 12:16:28,653 apps.vendors.signals create_vendor_profile_for_vendor_users:38 - VendorProfile created for vendor: vendorlogin@example.com
[INFO] 2026-03-06 12:16:31,269 apps.marketplace.signals create_buyer_profile:27 - BuyerProfile created for conflict@example.com
[INFO] 2026-03-06 12:16:31,272 apps.users.adapters pre_social_login:26 - Looking for existing user with email: conflict@example.com
[INFO] 2026-03-06 12:16:31,274 apps.users.adapters pre_social_login:28 - Found existing user, connecting: conflict@example.com
[WARNING] 2026-03-06 12:16:31,277 apps.users.adapters pre_social_login:75 - Unable to add message during pre_social_login
Traceback (most recent call last):
  File "C:\Users\user\Desktop\kasuMarketplace\venv\Lib\site-packages\django\contrib\messages\api.py", line 27, in add_message
    messages = request._messages
               ^^^^^^^^^^^^^^^^^
AttributeError: 'WSGIRequest' object has no attribute '_messages'

During handling of the above exception, another exception occurred:

Traceback (most recent call last):
  File "C:\Users\user\Desktop\kasuMarketplace\apps\users\adapters.py", line 69, in pre_social_login
    messages.error(
    ~~~~~~~~~~~~~~^
        request,
        ^^^^^^^^
        f"Email already registered as {user.get_role_display()}. "
        ^^^^^^^^^^^^^^^^^^^^^^^^^^^^^^^^^^^^^^^^^^^^^^^^^^^^^^^^^^
        f"Please log in or use a different address."
        ^^^^^^^^^^^^^^^^^^^^^^^^^^^^^^^^^^^^^^^^^^^^
    )
    ^
  File "C:\Users\user\Desktop\kasuMarketplace\venv\Lib\site-packages\django\contrib\messages\api.py", line 121, in error
    add_message(
    ~~~~~~~~~~~^
        request,
        ^^^^^^^^
    ...<3 lines>...
        fail_silently=fail_silently,
        ^^^^^^^^^^^^^^^^^^^^^^^^^^^^
    )
    ^
  File "C:\Users\user\Desktop\kasuMarketplace\venv\Lib\site-packages\django\contrib\messages\api.py", line 35, in add_message
    raise MessageFailure(
    ...<2 lines>...
    )
django.contrib.messages.api.MessageFailure: You cannot add messages without installing django.contrib.messages.middleware.MessageMiddleware
[ERROR] 2026-03-06 12:16:31,287 apps.users.adapters pre_social_login:93 - Error in pre_social_login: <HttpResponseRedirect status_code=302, "text/html; charset=utf-8", url="/login/">
Traceback (most recent call last):
  File "C:\Users\user\Desktop\kasuMarketplace\apps\users\adapters.py", line 78, in pre_social_login
    raise ImmediateHttpResponse(redirect('users:login'))
allauth.core.exceptions.ImmediateHttpResponse: <HttpResponseRedirect status_code=302, "text/html; charset=utf-8", url="/login/">
[INFO] 2026-03-06 12:16:31,296 apps.vendors.signals create_vendor_wallet:60 - Wallet created for vendor: v@example.com
[INFO] 2026-03-06 12:16:31,298 apps.vendors.signals create_vendor_profile_for_vendor_users:38 - VendorProfile created for vendor: v@example.com
[INFO] 2026-03-06 12:16:31,301 apps.marketplace.signals create_buyer_profile:27 - BuyerProfile created for b@example.com
[INFO] 2026-03-06 12:31:10,947 apps.vendors.services.dojah __init__:49 - 🧪 Dojah Service running in SANDBOX mode
[INFO] 2026-03-06 12:31:11,067 apps.marketplace.signals create_buyer_profile:27 - BuyerProfile created for login@test.com
[INFO] 2026-03-06 12:31:12,410 apps.marketplace.signals create_buyer_profile:27 - BuyerProfile created for login2@test.com
[INFO] 2026-03-06 12:31:13,663 apps.marketplace.signals create_buyer_profile:27 - BuyerProfile created for v@test.com
[INFO] 2026-03-06 12:31:15,151 apps.marketplace.signals create_buyer_profile:27 - BuyerProfile created for v@test.com
[INFO] 2026-03-06 12:31:16,525 apps.marketplace.signals create_buyer_profile:27 - BuyerProfile created for v@test.com
[INFO] 2026-03-06 12:31:17,788 apps.marketplace.signals create_buyer_profile:27 - BuyerProfile created for v@test.com
[INFO] 2026-03-06 12:31:19,095 apps.marketplace.signals create_buyer_profile:27 - BuyerProfile created for v@test.com
[INFO] 2026-03-06 12:31:21,561 apps.marketplace.signals create_buyer_profile:27 - BuyerProfile created for y@ya.com
[INFO] 2026-03-06 12:31:22,981 apps.marketplace.signals create_buyer_profile:27 - BuyerProfile created for v@test.com
[INFO] 2026-03-06 12:31:24,387 apps.marketplace.signals create_buyer_profile:27 - BuyerProfile created for v@test.com
[DEBUG] 2026-03-06 12:31:25,637 apps.users.forms _validate_recaptcha:179 - reCAPTCHA verify response: {'success': True}
[INFO] 2026-03-06 12:33:30,132 apps.vendors.services.dojah __init__:49 - 🧪 Dojah Service running in SANDBOX mode
[INFO] 2026-03-06 12:33:30,253 apps.marketplace.signals create_buyer_profile:27 - BuyerProfile created for login@test.com
[INFO] 2026-03-06 12:33:31,622 apps.marketplace.signals create_buyer_profile:27 - BuyerProfile created for login2@test.com
[INFO] 2026-03-06 12:33:32,870 apps.marketplace.signals create_buyer_profile:27 - BuyerProfile created for v@test.com
[INFO] 2026-03-06 12:33:34,212 apps.marketplace.signals create_buyer_profile:27 - BuyerProfile created for v@test.com
[INFO] 2026-03-06 12:33:36,649 apps.marketplace.signals create_buyer_profile:27 - BuyerProfile created for v@test.com
[INFO] 2026-03-06 12:33:37,931 apps.marketplace.signals create_buyer_profile:27 - BuyerProfile created for v@test.com
[INFO] 2026-03-06 12:33:39,203 apps.marketplace.signals create_buyer_profile:27 - BuyerProfile created for v@test.com
[INFO] 2026-03-06 12:33:41,692 apps.marketplace.signals create_buyer_profile:27 - BuyerProfile created for y@ya.com
[INFO] 2026-03-06 12:33:42,928 apps.marketplace.signals create_buyer_profile:27 - BuyerProfile created for v@test.com
[INFO] 2026-03-06 12:33:44,181 apps.marketplace.signals create_buyer_profile:27 - BuyerProfile created for v@test.com
[DEBUG] 2026-03-06 12:33:45,391 apps.users.forms _validate_recaptcha:179 - reCAPTCHA verify response: {'success': True}
[INFO] 2026-03-06 12:35:26,387 django.utils.autoreload run_with_reloader:667 - Watching for file changes with StatReloader
[INFO] 2026-03-06 12:35:26,434 apps.vendors.services.dojah __init__:49 - 🧪 Dojah Service running in SANDBOX mode
[INFO] 2026-03-06 12:35:32,712 django.server log_message:213 - "POST /login/ HTTP/1.1" 200 10598
[WARNING] 2026-03-06 12:35:44,594 django.request log_response:253 - Not Found: /favicon.ico
[WARNING] 2026-03-06 12:35:44,602 django.server log_message:213 - "GET /favicon.ico HTTP/1.1" 404 11649
[INFO] 2026-03-06 12:35:45,448 django.server log_message:213 - "GET /accounts/google/login/ HTTP/1.1" 302 0
[INFO] 2026-03-06 12:36:09,486 django.server log_message:213 - "POST /login/ HTTP/1.1" 200 12499
[INFO] 2026-03-06 12:36:25,296 django.server log_message:213 - "POST /login/ HTTP/1.1" 200 12499
[INFO] 2026-03-06 12:36:35,565 django.server log_message:213 - "GET /signup/buyer/ HTTP/1.1" 200 10900
[INFO] 2026-03-06 12:36:59,161 django.server log_message:213 - "POST /signup/buyer/ HTTP/1.1" 200 13057
[INFO] 2026-03-06 12:37:10,150 django.utils.autoreload trigger_reload:265 - C:\Users\user\Desktop\kasuMarketplace\apps\users\forms.py changed, reloading.
[INFO] 2026-03-06 12:37:12,324 django.utils.autoreload run_with_reloader:667 - Watching for file changes with StatReloader
[INFO] 2026-03-06 12:37:12,375 apps.vendors.services.dojah __init__:49 - 🧪 Dojah Service running in SANDBOX mode
[INFO] 2026-03-06 12:50:30,874 django.server log_message:213 - "POST /signup/buyer/ HTTP/1.1" 200 13057
[INFO] 2026-03-06 12:51:31,366 django.utils.autoreload run_with_reloader:667 - Watching for file changes with StatReloader
[INFO] 2026-03-06 12:51:31,415 apps.vendors.services.dojah __init__:49 - 🧪 Dojah Service running in SANDBOX mode
[DEBUG] 2026-03-06 12:51:46,946 urllib3.connectionpool _new_conn:1049 - Starting new HTTPS connection (1): www.google.com:443
[DEBUG] 2026-03-06 12:51:48,199 urllib3.connectionpool _make_request:544 - https://www.google.com:443 "POST /recaptcha/api/siteverify HTTP/1.1" 200 None
[DEBUG] 2026-03-06 12:51:48,201 apps.users.forms _validate_recaptcha:179 - reCAPTCHA verify response: {'success': False, 'error-codes': ['invalid-keys']}
[INFO] 2026-03-06 12:51:48,339 django.server log_message:213 - "POST /signup/buyer/ HTTP/1.1" 200 13057
[DEBUG] 2026-03-06 12:53:35,440 urllib3.connectionpool _new_conn:1049 - Starting new HTTPS connection (1): www.google.com:443
[DEBUG] 2026-03-06 12:53:36,558 urllib3.connectionpool _make_request:544 - https://www.google.com:443 "POST /recaptcha/api/siteverify HTTP/1.1" 200 None
[DEBUG] 2026-03-06 12:53:36,561 apps.users.forms _validate_recaptcha:179 - reCAPTCHA verify response: {'success': False, 'error-codes': ['invalid-keys']}
[INFO] 2026-03-06 12:53:36,602 django.server log_message:213 - "POST /signup/buyer/ HTTP/1.1" 200 13057
[WARNING] 2026-03-06 12:53:46,890 django.request log_response:253 - Not Found: /favicon.ico
[WARNING] 2026-03-06 12:53:46,891 django.server log_message:213 - "GET /favicon.ico HTTP/1.1" 404 11649
[DEBUG] 2026-03-06 12:55:05,400 urllib3.connectionpool _new_conn:1049 - Starting new HTTPS connection (1): www.google.com:443
[DEBUG] 2026-03-06 12:55:06,577 urllib3.connectionpool _make_request:544 - https://www.google.com:443 "POST /recaptcha/api/siteverify HTTP/1.1" 200 None
[DEBUG] 2026-03-06 12:55:06,580 apps.users.forms _validate_recaptcha:179 - reCAPTCHA verify response: {'success': True, 'challenge_ts': '2026-03-06T11:53:40Z', 'hostname': '127.0.0.1'}
[INFO] 2026-03-06 12:55:08,194 apps.marketplace.signals create_buyer_profile:27 - BuyerProfile created for shazzamio010@gmail.com
[INFO] 2026-03-06 12:55:15,632 django.server log_message:213 - "POST /signup/buyer/ HTTP/1.1" 302 0
[INFO] 2026-03-06 12:55:15,687 django.server log_message:213 - "GET /verify-otp/ HTTP/1.1" 200 9610
[INFO] 2026-03-06 12:56:12,216 django.server log_message:213 - "POST /verify-otp/ HTTP/1.1" 302 0
[INFO] 2026-03-06 12:56:12,234 django.server log_message:213 - "GET /buyer/dashboard/ HTTP/1.1" 302 0
[INFO] 2026-03-06 12:56:12,328 django.server log_message:213 - "GET / HTTP/1.1" 200 57515
[INFO] 2026-03-06 12:56:22,331 django.server log_message:213 - "POST /location/update/ HTTP/1.1" 200 49
[INFO] 2026-03-06 12:56:57,705 django.server log_message:213 - "GET /profile/ HTTP/1.1" 200 25982
[INFO] 2026-03-06 12:57:04,458 django.server log_message:213 - "GET /logout/ HTTP/1.1" 302 0
[INFO] 2026-03-06 12:57:04,840 django.server log_message:213 - "GET / HTTP/1.1" 200 58117
[INFO] 2026-03-06 15:55:46,937 django.utils.autoreload run_with_reloader:667 - Watching for file changes with StatReloader
[INFO] 2026-03-06 15:55:47,377 apps.vendors.services.dojah __init__:49 - 🧪 Dojah Service running in SANDBOX mode
[INFO] 2026-03-06 15:57:45,198 django.utils.autoreload run_with_reloader:667 - Watching for file changes with StatReloader
[INFO] 2026-03-06 15:57:45,256 apps.vendors.services.dojah __init__:49 - 🧪 Dojah Service running in SANDBOX mode
[INFO] 2026-03-06 15:58:09,748 django.server log_message:213 - "GET / HTTP/1.1" 200 58685
[INFO] 2026-03-06 15:58:20,181 django.server log_message:213 - "POST /location/update/ HTTP/1.1" 200 49
[INFO] 2026-03-06 15:58:26,045 django.server log_message:213 - "GET /static/images/favicon/favicon.ico HTTP/1.1" 200 2698
[INFO] 2026-03-06 15:58:26,090 django.server log_message:213 - "GET /static/images/favicon/favicon_32x32.png HTTP/1.1" 200 958
[INFO] 2026-03-06 15:58:46,766 django.server log_message:213 - "GET /signup/vendor/ HTTP/1.1" 200 11750
[ERROR] 2026-03-06 16:04:34,955 django.request log_response:253 - Internal Server Error: /login/
Traceback (most recent call last):
  File "C:\Users\user\Desktop\kasuMarketplace\venv\Lib\site-packages\django\template\base.py", line 510, in parse
    compile_func = self.tags[command]
                   ~~~~~~~~~^^^^^^^^^
KeyError: 'static'

During handling of the above exception, another exception occurred:

Traceback (most recent call last):
  File "C:\Users\user\Desktop\kasuMarketplace\venv\Lib\site-packages\django\core\handlers\exception.py", line 55, in inner
    response = get_response(request)
  File "C:\Users\user\Desktop\kasuMarketplace\venv\Lib\site-packages\django\core\handlers\base.py", line 197, in _get_response
    response = wrapped_callback(request, *callback_args, **callback_kwargs)
  File "C:\Users\user\Desktop\kasuMarketplace\venv\Lib\site-packages\django\views\generic\base.py", line 105, in view
    return self.dispatch(request, *args, **kwargs)
           ~~~~~~~~~~~~~^^^^^^^^^^^^^^^^^^^^^^^^^^
  File "C:\Users\user\Desktop\kasuMarketplace\venv\Lib\site-packages\django\views\generic\base.py", line 144, in dispatch
    return handler(request, *args, **kwargs)
  File "C:\Users\user\Desktop\kasuMarketplace\apps\users\views.py", line 184, in get
    return render(request, self.template_name, {'form': form, 'next': next_url})
  File "C:\Users\user\Desktop\kasuMarketplace\venv\Lib\site-packages\django\shortcuts.py", line 25, in render
    content = loader.render_to_string(template_name, context, request, using=using)
  File "C:\Users\user\Desktop\kasuMarketplace\venv\Lib\site-packages\django\template\loader.py", line 61, in render_to_string
    template = get_template(template_name, using=using)
  File "C:\Users\user\Desktop\kasuMarketplace\venv\Lib\site-packages\django\template\loader.py", line 15, in get_template
    return engine.get_template(template_name)
           ~~~~~~~~~~~~~~~~~~~^^^^^^^^^^^^^^^
  File "C:\Users\user\Desktop\kasuMarketplace\venv\Lib\site-packages\django\template\backends\django.py", line 79, in get_template
    return Template(self.engine.get_template(template_name), self)
                    ~~~~~~~~~~~~~~~~~~~~~~~~^^^^^^^^^^^^^^^
  File "C:\Users\user\Desktop\kasuMarketplace\venv\Lib\site-packages\django\template\engine.py", line 177, in get_template
    template, origin = self.find_template(template_name)
                       ~~~~~~~~~~~~~~~~~~^^^^^^^^^^^^^^^
  File "C:\Users\user\Desktop\kasuMarketplace\venv\Lib\site-packages\django\template\engine.py", line 159, in find_template
    template = loader.get_template(name, skip=skip)
  File "C:\Users\user\Desktop\kasuMarketplace\venv\Lib\site-packages\django\template\loaders\cached.py", line 57, in get_template
    template = super().get_template(template_name, skip)
  File "C:\Users\user\Desktop\kasuMarketplace\venv\Lib\site-packages\django\template\loaders\base.py", line 28, in get_template
    return Template(
        contents,
    ...<2 lines>...
        self.engine,
    )
  File "C:\Users\user\Desktop\kasuMarketplace\venv\Lib\site-packages\django\template\base.py", line 154, in __init__
    self.nodelist = self.compile_nodelist()
                    ~~~~~~~~~~~~~~~~~~~~~^^
  File "C:\Users\user\Desktop\kasuMarketplace\venv\Lib\site-packages\django\template\base.py", line 196, in compile_nodelist
    nodelist = parser.parse()
  File "C:\Users\user\Desktop\kasuMarketplace\venv\Lib\site-packages\django\template\base.py", line 518, in parse
    raise self.error(token, e)
  File "C:\Users\user\Desktop\kasuMarketplace\venv\Lib\site-packages\django\template\base.py", line 516, in parse
    compiled_result = compile_func(self, token)
  File "C:\Users\user\Desktop\kasuMarketplace\venv\Lib\site-packages\django\template\loader_tags.py", line 299, in do_extends
    nodelist = parser.parse()
  File "C:\Users\user\Desktop\kasuMarketplace\venv\Lib\site-packages\django\template\base.py", line 518, in parse
    raise self.error(token, e)
  File "C:\Users\user\Desktop\kasuMarketplace\venv\Lib\site-packages\django\template\base.py", line 516, in parse
    compiled_result = compile_func(self, token)
  File "C:\Users\user\Desktop\kasuMarketplace\venv\Lib\site-packages\django\template\loader_tags.py", line 234, in do_block
    nodelist = parser.parse(("endblock",))
  File "C:\Users\user\Desktop\kasuMarketplace\venv\Lib\site-packages\django\template\base.py", line 512, in parse
    self.invalid_block_tag(token, command, parse_until)
    ~~~~~~~~~~~~~~~~~~~~~~^^^^^^^^^^^^^^^^^^^^^^^^^^^^^
  File "C:\Users\user\Desktop\kasuMarketplace\venv\Lib\site-packages\django\template\base.py", line 567, in invalid_block_tag
    raise self.error(
    ...<8 lines>...
    )
django.template.exceptions.TemplateSyntaxError: Invalid block tag on line 10: 'static', expected 'endblock'. Did you forget to register or load this tag?
[ERROR] 2026-03-06 16:04:35,020 django.server log_message:213 - "GET /login/ HTTP/1.1" 500 252457
[INFO] 2026-03-06 16:06:12,925 django.server log_message:213 - "GET /login/ HTTP/1.1" 200 11345
[INFO] 2026-03-06 16:06:33,187 django.server log_message:213 - "GET /signup/buyer/ HTTP/1.1" 200 11771
[INFO] 2026-03-06 16:06:46,221 django.server log_message:213 - "GET /login/ HTTP/1.1" 200 11345
[INFO] 2026-03-06 16:09:48,301 django.server log_message:213 - "GET /signup/buyer/ HTTP/1.1" 200 11772
[INFO] 2026-03-06 16:09:48,625 django.server log_message:213 - "GET /static/images/kasu_logo1.png HTTP/1.1" 200 55634
[INFO] 2026-03-06 16:09:53,197 django.server log_message:213 - "GET /static/images/favicon/favicon.ico HTTP/1.1" 304 0
[INFO] 2026-03-06 16:13:38,621 django.server log_message:213 - "GET /signup/buyer/ HTTP/1.1" 200 11772
[INFO] 2026-03-06 16:13:48,642 django.server log_message:213 - "GET /static/images/favicon/favicon_32x32.png HTTP/1.1" 304 0
[INFO] 2026-03-06 16:19:22,933 django.utils.autoreload run_with_reloader:667 - Watching for file changes with StatReloader
[INFO] 2026-03-06 16:19:23,494 apps.vendors.services.dojah __init__:49 - 🧪 Dojah Service running in SANDBOX mode
[INFO] 2026-03-06 16:19:32,730 django.server log_message:213 - "GET /signup/buyer/ HTTP/1.1" 200 11783
[INFO] 2026-03-06 16:19:32,834 django.server log_message:213 - "GET /static/images/kasu_logo1.png HTTP/1.1" 304 0
[INFO] 2026-03-06 16:19:54,000 django.server log_message:213 - "GET /signup/buyer/ HTTP/1.1" 200 11783
[INFO] 2026-03-06 16:19:54,215 django.server log_message:213 - "GET /static/images/kasu_logo1.png HTTP/1.1" 200 55634
[INFO] 2026-03-06 16:19:54,243 django.server log_message:213 - "GET /signup/buyer/ HTTP/1.1" 200 11783
[INFO] 2026-03-06 16:19:54,396 django.server log_message:213 - "GET /signup/buyer/ HTTP/1.1" 200 11783
[INFO] 2026-03-06 16:19:54,540 django.server log_message:213 - "GET /signup/buyer/ HTTP/1.1" 200 11783
[INFO] 2026-03-06 16:19:55,002 django.server log_message:213 - "GET /static/images/kasu_logo1.png HTTP/1.1" 200 55634
[INFO] 2026-03-06 16:19:55,867 django.server log_message:213 - "GET /static/images/kasu_logo1.png HTTP/1.1" 200 55634
[INFO] 2026-03-06 16:20:05,544 django.server log_message:213 - "GET /static/images/favicon/favicon.ico HTTP/1.1" 200 2698
[INFO] 2026-03-06 16:20:09,571 django.server log_message:213 - "GET /signup/buyer/ HTTP/1.1" 200 11783
[INFO] 2026-03-06 16:20:09,637 django.server log_message:213 - "GET /static/images/kasu_logo1.png HTTP/1.1" 200 55634
[INFO] 2026-03-06 16:20:09,751 django.server log_message:213 - "GET /signup/buyer/ HTTP/1.1" 200 11783
[INFO] 2026-03-06 16:20:09,917 django.server log_message:213 - "GET /signup/buyer/ HTTP/1.1" 200 11783
[INFO] 2026-03-06 16:20:10,168 django.server log_message:213 - "GET /signup/buyer/ HTTP/1.1" 200 11783
[INFO] 2026-03-06 16:20:10,303 django.server log_message:213 - "GET /signup/buyer/ HTTP/1.1" 200 11783
[INFO] 2026-03-06 16:20:10,446 django.server log_message:213 - "GET /signup/buyer/ HTTP/1.1" 200 11783
[INFO] 2026-03-06 16:20:10,867 django.server log_message:213 - "GET /static/images/kasu_logo1.png HTTP/1.1" 200 55634
[INFO] 2026-03-06 16:20:15,772 django.server log_message:213 - "GET /static/images/favicon/favicon.ico HTTP/1.1" 200 2698
[INFO] 2026-03-06 16:21:37,966 django.server log_message:213 - "GET /signup/buyer/ HTTP/1.1" 200 11783
[INFO] 2026-03-06 16:21:45,234 django.server log_message:213 - "GET /signup/buyer/ HTTP/1.1" 200 11783
[INFO] 2026-03-06 16:21:45,289 django.server log_message:213 - "GET /static/images/kasu_logo1.png HTTP/1.1" 200 96112
[INFO] 2026-03-06 16:21:45,389 django.server log_message:213 - "GET /signup/buyer/ HTTP/1.1" 200 11783
[INFO] 2026-03-06 16:21:45,557 django.server log_message:213 - "GET /signup/buyer/ HTTP/1.1" 200 11783
[INFO] 2026-03-06 16:21:45,814 django.server log_message:213 - "GET /signup/buyer/ HTTP/1.1" 200 11783
[INFO] 2026-03-06 16:21:46,029 django.server log_message:213 - "GET /signup/buyer/ HTTP/1.1" 200 11783
[INFO] 2026-03-06 16:21:46,277 django.server log_message:213 - "GET /signup/buyer/ HTTP/1.1" 200 11783
[INFO] 2026-03-06 16:21:46,422 django.server log_message:213 - "GET /signup/buyer/ HTTP/1.1" 200 11783
[INFO] 2026-03-06 16:21:46,423 django.server log_message:213 - "GET /static/images/kasu_logo1.png HTTP/1.1" 200 96112
[INFO] 2026-03-06 16:21:46,548 django.server log_message:213 - "GET /signup/buyer/ HTTP/1.1" 200 11783
[INFO] 2026-03-06 16:21:46,692 django.server log_message:213 - "GET /signup/buyer/ HTTP/1.1" 200 11783
[INFO] 2026-03-06 16:21:46,857 django.server log_message:213 - "GET /signup/buyer/ HTTP/1.1" 200 11783
[INFO] 2026-03-06 16:21:46,982 django.server log_message:213 - "GET /signup/buyer/ HTTP/1.1" 200 11783
[INFO] 2026-03-06 16:21:47,070 django.server log_message:213 - "GET /signup/buyer/ HTTP/1.1" 200 11783
[INFO] 2026-03-06 16:21:47,220 django.server log_message:213 - "GET /signup/buyer/ HTTP/1.1" 200 11783
[INFO] 2026-03-06 16:21:47,355 django.server log_message:213 - "GET /signup/buyer/ HTTP/1.1" 200 11783
[INFO] 2026-03-06 16:21:47,524 django.server log_message:213 - "GET /static/images/kasu_logo1.png HTTP/1.1" 200 96112
[INFO] 2026-03-06 16:21:56,917 django.server log_message:213 - "GET /static/images/favicon/favicon.ico HTTP/1.1" 200 2698
[INFO] 2026-03-06 16:24:38,319 django.server log_message:213 - "GET /signup/buyer/ HTTP/1.1" 200 11783
[INFO] 2026-03-06 16:24:45,817 django.server log_message:213 - "GET /signup/buyer/ HTTP/1.1" 200 11783
[INFO] 2026-03-06 16:24:45,875 django.server log_message:213 - "GET /static/images/kasu_logo1.png HTTP/1.1" 200 96112
[INFO] 2026-03-06 16:24:45,980 django.server log_message:213 - "GET /signup/buyer/ HTTP/1.1" 200 11783
[INFO] 2026-03-06 16:24:46,142 django.server log_message:213 - "GET /signup/buyer/ HTTP/1.1" 200 11783
[INFO] 2026-03-06 16:24:46,254 django.server log_message:213 - "GET /signup/buyer/ HTTP/1.1" 200 11783
[INFO] 2026-03-06 16:24:46,399 django.server log_message:213 - "GET /signup/buyer/ HTTP/1.1" 200 11783
[INFO] 2026-03-06 16:24:46,642 django.server log_message:213 - "GET /signup/buyer/ HTTP/1.1" 200 11783
[INFO] 2026-03-06 16:24:46,819 django.server log_message:213 - "GET /signup/buyer/ HTTP/1.1" 200 11783
[INFO] 2026-03-06 16:24:46,962 django.server log_message:213 - "GET /signup/buyer/ HTTP/1.1" 200 11783
[INFO] 2026-03-06 16:24:47,133 django.server log_message:213 - "GET /signup/buyer/ HTTP/1.1" 200 11783
[INFO] 2026-03-06 16:24:47,135 django.server log_message:213 - "GET /static/images/kasu_logo1.png HTTP/1.1" 200 96112
[INFO] 2026-03-06 16:24:47,239 django.server log_message:213 - "GET /signup/buyer/ HTTP/1.1" 200 11783
[INFO] 2026-03-06 16:24:47,355 django.server log_message:213 - "GET /signup/buyer/ HTTP/1.1" 200 11783
[INFO] 2026-03-06 16:24:47,498 django.server log_message:213 - "GET /signup/buyer/ HTTP/1.1" 200 11783
[INFO] 2026-03-06 16:24:47,725 django.server log_message:213 - "GET /signup/buyer/ HTTP/1.1" 200 11783
[INFO] 2026-03-06 16:24:48,083 django.server handle_error:81 - - Broken pipe from ('127.0.0.1', 57653)
[INFO] 2026-03-06 16:24:48,121 django.server log_message:213 - "GET /signup/buyer/ HTTP/1.1" 200 11783
[INFO] 2026-03-06 16:24:48,400 django.server log_message:213 - "GET /static/images/kasu_logo1.png HTTP/1.1" 200 96112
[INFO] 2026-03-06 16:24:59,319 django.server log_message:213 - "GET /static/images/favicon/favicon.ico HTTP/1.1" 200 2698
[INFO] 2026-03-06 16:24:59,326 django.server log_message:213 - "GET /static/images/favicon/favicon_32x32.png HTTP/1.1" 304 0
[INFO] 2026-03-06 16:27:17,558 django.server log_message:213 - "GET /signup/buyer/ HTTP/1.1" 200 11783
[INFO] 2026-03-06 16:27:17,649 django.server log_message:213 - "GET /static/images/kasu_logo1.png HTTP/1.1" 200 96112
[INFO] 2026-03-06 16:27:17,777 django.server log_message:213 - "GET /signup/buyer/ HTTP/1.1" 200 11783
[INFO] 2026-03-06 16:27:17,940 django.server log_message:213 - "GET /signup/buyer/ HTTP/1.1" 200 11783
[INFO] 2026-03-06 16:27:18,093 django.server log_message:213 - "GET /signup/buyer/ HTTP/1.1" 200 11783
[INFO] 2026-03-06 16:27:18,233 django.server log_message:213 - "GET /signup/buyer/ HTTP/1.1" 200 11783
[INFO] 2026-03-06 16:27:18,340 django.server log_message:213 - "GET /signup/buyer/ HTTP/1.1" 200 11783
[INFO] 2026-03-06 16:27:18,457 django.server log_message:213 - "GET /signup/buyer/ HTTP/1.1" 200 11783
[INFO] 2026-03-06 16:27:18,584 django.server log_message:213 - "GET /signup/buyer/ HTTP/1.1" 200 11783
[INFO] 2026-03-06 16:27:18,939 django.server log_message:213 - "GET /signup/buyer/ HTTP/1.1" 200 11783
[INFO] 2026-03-06 16:27:19,183 django.server log_message:213 - "GET /signup/buyer/ HTTP/1.1" 200 11783
[INFO] 2026-03-06 16:27:19,331 django.server log_message:213 - "GET /signup/buyer/ HTTP/1.1" 200 11783
[INFO] 2026-03-06 16:27:19,464 django.server log_message:213 - "GET /signup/buyer/ HTTP/1.1" 200 11783
[INFO] 2026-03-06 16:27:20,627 django.server log_message:213 - "GET /static/images/kasu_logo1.png HTTP/1.1" 200 96112
[INFO] 2026-03-06 16:27:26,662 django.server log_message:213 - "GET /static/images/favicon/favicon.ico HTTP/1.1" 200 2698
[INFO] 2026-03-06 16:33:02,755 django.server log_message:213 - "GET /signup/buyer/ HTTP/1.1" 200 11783
[INFO] 2026-03-06 16:33:02,841 django.server log_message:213 - "GET /static/images/kasu_logo1.png HTTP/1.1" 200 96112
[INFO] 2026-03-06 16:33:02,993 django.server log_message:213 - "GET /signup/buyer/ HTTP/1.1" 200 11783
[INFO] 2026-03-06 16:33:03,149 django.server log_message:213 - "GET /signup/buyer/ HTTP/1.1" 200 11783
[INFO] 2026-03-06 16:33:03,295 django.server log_message:213 - "GET /signup/buyer/ HTTP/1.1" 200 11783
[INFO] 2026-03-06 16:33:03,411 django.server log_message:213 - "GET /signup/buyer/ HTTP/1.1" 200 11783
[INFO] 2026-03-06 16:33:03,533 django.server log_message:213 - "GET /signup/buyer/ HTTP/1.1" 200 11783
[INFO] 2026-03-06 16:33:03,793 django.server log_message:213 - "GET /signup/buyer/ HTTP/1.1" 200 11783
[INFO] 2026-03-06 16:33:03,877 django.server log_message:213 - "GET /signup/buyer/ HTTP/1.1" 200 11783
[INFO] 2026-03-06 16:33:04,030 django.server log_message:213 - "GET /signup/buyer/ HTTP/1.1" 200 11783
[INFO] 2026-03-06 16:33:04,117 django.server log_message:213 - "GET /signup/buyer/ HTTP/1.1" 200 11783
[INFO] 2026-03-06 16:33:05,398 django.server log_message:213 - "GET /static/images/kasu_logo1.png HTTP/1.1" 200 96112
[INFO] 2026-03-06 16:33:06,224 django.server log_message:213 - "GET /static/images/kasu_logo1.png HTTP/1.1" 200 96112
[INFO] 2026-03-06 16:33:26,257 django.server log_message:213 - "GET /static/images/favicon/favicon.ico HTTP/1.1" 200 2698
[INFO] 2026-03-06 16:39:43,090 django.server log_message:213 - "GET /signup/buyer/ HTTP/1.1" 200 11783
[INFO] 2026-03-06 16:39:43,193 django.server log_message:213 - "GET /static/images/kasu_logo1.png HTTP/1.1" 200 16707
[INFO] 2026-03-06 16:39:55,895 django.server log_message:213 - "GET /static/images/favicon/favicon.ico HTTP/1.1" 200 2698
[INFO] 2026-03-06 16:39:55,901 django.server log_message:213 - "GET /static/images/favicon/favicon_32x32.png HTTP/1.1" 304 0
[INFO] 2026-03-06 16:40:15,319 django.server log_message:213 - "GET /login/ HTTP/1.1" 200 11357
[INFO] 2026-03-06 16:41:49,136 django.server log_message:213 - "GET /login/ HTTP/1.1" 200 11357
[INFO] 2026-03-06 16:41:49,226 django.server log_message:213 - "GET /static/images/kasu_logo1.png HTTP/1.1" 200 16707
[INFO] 2026-03-06 16:41:54,838 django.server log_message:213 - "GET /login/ HTTP/1.1" 200 11357
[INFO] 2026-03-06 16:41:54,895 django.server log_message:213 - "GET /static/images/kasu_logo1.png HTTP/1.1" 200 16707
[INFO] 2026-03-06 16:41:55,022 django.server log_message:213 - "GET /login/ HTTP/1.1" 200 11357
[INFO] 2026-03-06 16:41:55,259 django.server log_message:213 - "GET /login/ HTTP/1.1" 200 11357
[INFO] 2026-03-06 16:41:55,466 django.server log_message:213 - "GET /login/ HTTP/1.1" 200 11357
[INFO] 2026-03-06 16:41:55,897 django.server log_message:213 - "GET /static/images/kasu_logo1.png HTTP/1.1" 200 16707
[INFO] 2026-03-06 16:42:06,731 django.server log_message:213 - "GET /static/images/favicon/favicon.ico HTTP/1.1" 200 2698
[INFO] 2026-03-06 16:43:46,386 django.server log_message:213 - "GET /login/ HTTP/1.1" 200 11346
[INFO] 2026-03-06 16:43:46,452 django.server log_message:213 - "GET /static/images/kasu_logo1.png HTTP/1.1" 200 16707
[INFO] 2026-03-06 16:43:46,851 django.server log_message:213 - "GET /login/ HTTP/1.1" 200 11346
[INFO] 2026-03-06 16:43:47,076 django.server log_message:213 - "GET /login/ HTTP/1.1" 200 11346
[INFO] 2026-03-06 16:43:47,453 django.server log_message:213 - "GET /static/images/kasu_logo1.png HTTP/1.1" 200 16707
[INFO] 2026-03-06 16:43:52,964 django.server log_message:213 - "GET /login/ HTTP/1.1" 200 11346
[INFO] 2026-03-06 16:43:53,021 django.server log_message:213 - "GET /static/images/kasu_logo1.png HTTP/1.1" 200 16707
[INFO] 2026-03-06 16:43:53,124 django.server log_message:213 - "GET /login/ HTTP/1.1" 200 11346
[INFO] 2026-03-06 16:43:53,286 django.server log_message:213 - "GET /login/ HTTP/1.1" 200 11346
[INFO] 2026-03-06 16:43:53,487 django.server log_message:213 - "GET /login/ HTTP/1.1" 200 11346
[INFO] 2026-03-06 16:43:53,606 django.server log_message:213 - "GET /login/ HTTP/1.1" 200 11346
[INFO] 2026-03-06 16:43:53,742 django.server log_message:213 - "GET /login/ HTTP/1.1" 200 11346
[INFO] 2026-03-06 16:43:53,882 django.server log_message:213 - "GET /login/ HTTP/1.1" 200 11346
[INFO] 2026-03-06 16:43:54,016 django.server log_message:213 - "GET /static/images/kasu_logo1.png HTTP/1.1" 200 16707
[INFO] 2026-03-06 16:43:54,018 django.server log_message:213 - "GET /login/ HTTP/1.1" 200 11346
[INFO] 2026-03-06 16:43:54,901 django.server log_message:213 - "GET /static/images/kasu_logo1.png HTTP/1.1" 200 16707
[INFO] 2026-03-06 16:44:01,883 django.server log_message:213 - "GET /static/images/favicon/favicon.ico HTTP/1.1" 200 2698
[WARNING] 2026-03-06 16:46:10,950 django.request log_response:253 - Not Found: /.well-known/appspecific/com.chrome.devtools.json
[WARNING] 2026-03-06 16:46:10,975 django.server log_message:213 - "GET /.well-known/appspecific/com.chrome.devtools.json HTTP/1.1" 404 11797
[INFO] 2026-03-06 16:53:56,667 django.server log_message:213 - "GET /login/ HTTP/1.1" 200 11346
[INFO] 2026-03-06 16:53:56,743 django.server log_message:213 - "GET /static/images/kasu_logo1.png HTTP/1.1" 200 16707
[INFO] 2026-03-06 16:53:56,829 django.server log_message:213 - "GET /login/ HTTP/1.1" 200 11346
[INFO] 2026-03-06 16:53:56,988 django.server log_message:213 - "GET /login/ HTTP/1.1" 200 11346
[INFO] 2026-03-06 16:53:57,146 django.server log_message:213 - "GET /login/ HTTP/1.1" 200 11346
[INFO] 2026-03-06 16:53:57,305 django.server log_message:213 - "GET /login/ HTTP/1.1" 200 11346
[INFO] 2026-03-06 16:53:57,441 django.server log_message:213 - "GET /login/ HTTP/1.1" 200 11346
[INFO] 2026-03-06 16:53:57,573 django.server log_message:213 - "GET /login/ HTTP/1.1" 200 11346
[INFO] 2026-03-06 16:53:57,684 django.server log_message:213 - "GET /login/ HTTP/1.1" 200 11346
[INFO] 2026-03-06 16:53:57,834 django.server log_message:213 - "GET /login/ HTTP/1.1" 200 11346
[INFO] 2026-03-06 16:53:57,963 django.server log_message:213 - "GET /login/ HTTP/1.1" 200 11346
[INFO] 2026-03-06 16:53:58,223 django.server log_message:213 - "GET /login/ HTTP/1.1" 200 11346
[INFO] 2026-03-06 16:53:58,426 django.server log_message:213 - "GET /login/ HTTP/1.1" 200 11346
[INFO] 2026-03-06 16:53:59,771 django.server log_message:213 - "GET /static/images/kasu_logo1.png HTTP/1.1" 200 16707
[INFO] 2026-03-06 16:54:12,960 django.server log_message:213 - "GET /static/images/favicon/favicon.ico HTTP/1.1" 200 2698
[INFO] 2026-03-06 16:54:12,966 django.server log_message:213 - "GET /static/images/favicon/favicon_32x32.png HTTP/1.1" 304 0
[INFO] 2026-03-06 16:58:40,707 django.server log_message:213 - "GET /login/ HTTP/1.1" 200 11346
[INFO] 2026-03-06 16:58:40,764 django.server log_message:213 - "GET /static/images/kasu_logo1.png HTTP/1.1" 200 28266
[INFO] 2026-03-06 16:58:40,887 django.server log_message:213 - "GET /login/ HTTP/1.1" 200 11346
[INFO] 2026-03-06 16:58:41,091 django.server log_message:213 - "GET /login/ HTTP/1.1" 200 11346
[INFO] 2026-03-06 16:58:41,208 django.server log_message:213 - "GET /login/ HTTP/1.1" 200 11346
[INFO] 2026-03-06 16:58:41,431 django.server log_message:213 - "GET /login/ HTTP/1.1" 200 11346
[INFO] 2026-03-06 16:58:41,550 django.server log_message:213 - "GET /login/ HTTP/1.1" 200 11346
[INFO] 2026-03-06 16:58:43,119 django.server log_message:213 - "GET /static/images/kasu_logo1.png HTTP/1.1" 200 28266
[INFO] 2026-03-06 16:58:57,826 django.server log_message:213 - "GET /static/images/favicon/favicon.ico HTTP/1.1" 200 2698
[INFO] 2026-03-06 17:09:32,644 django.server log_message:213 - "GET /signup/buyer/ HTTP/1.1" 200 11772
[INFO] 2026-03-06 17:09:32,708 django.server log_message:213 - "GET /static/images/kasu_logo1.png HTTP/1.1" 304 0
[INFO] 2026-03-06 17:14:50,155 django.server log_message:213 - "GET /signup/buyer/ HTTP/1.1" 200 11772
[INFO] 2026-03-06 17:14:50,230 django.server log_message:213 - "GET /static/images/kasu_logo1.png HTTP/1.1" 200 14165
[INFO] 2026-03-06 17:14:50,396 django.server log_message:213 - "GET /signup/buyer/ HTTP/1.1" 200 11772
[INFO] 2026-03-06 17:14:50,540 django.server log_message:213 - "GET /signup/buyer/ HTTP/1.1" 200 11772
[INFO] 2026-03-06 17:14:52,640 django.server log_message:213 - "GET /static/images/kasu_logo1.png HTTP/1.1" 200 14165
[INFO] 2026-03-06 17:15:08,706 django.server log_message:213 - "GET /static/images/favicon/favicon.ico HTTP/1.1" 200 2698
[INFO] 2026-03-06 17:15:08,897 django.server log_message:213 - "GET /static/images/favicon/favicon_32x32.png HTTP/1.1" 304 0
[INFO] 2026-03-06 17:18:59,751 django.server log_message:213 - "GET /signup/buyer/ HTTP/1.1" 200 11772
[INFO] 2026-03-06 17:18:59,860 django.server log_message:213 - "GET /signup/buyer/ HTTP/1.1" 200 11772
[INFO] 2026-03-06 17:18:59,863 django.server log_message:213 - "GET /static/images/kasu_logo1.png HTTP/1.1" 200 88341
[INFO] 2026-03-06 17:19:00,003 django.server log_message:213 - "GET /signup/buyer/ HTTP/1.1" 200 11772
[INFO] 2026-03-06 17:19:02,760 django.server log_message:213 - "GET /static/images/kasu_logo1.png HTTP/1.1" 200 88341
[INFO] 2026-03-06 17:19:11,706 django.server log_message:213 - "GET /static/images/favicon/favicon.ico HTTP/1.1" 200 2698
[INFO] 2026-03-06 17:21:36,902 django.server log_message:213 - "GET /signup/buyer/ HTTP/1.1" 200 11772
[INFO] 2026-03-06 17:21:37,021 django.server log_message:213 - "GET /static/images/kasu_logo1.png HTTP/1.1" 200 12047
[INFO] 2026-03-06 17:21:37,119 django.server log_message:213 - "GET /signup/buyer/ HTTP/1.1" 200 11772
[INFO] 2026-03-06 17:21:39,499 django.server log_message:213 - "GET /static/images/kasu_logo1.png HTTP/1.1" 200 12047
[INFO] 2026-03-06 17:21:50,812 django.server log_message:213 - "GET /static/images/favicon/favicon.ico HTTP/1.1" 200 2698
[INFO] 2026-03-06 17:23:29,185 django.server log_message:213 - "GET /signup/buyer/ HTTP/1.1" 200 11772
[INFO] 2026-03-06 17:23:29,274 django.server log_message:213 - "GET /static/images/kasu_logo1.png HTTP/1.1" 200 12047
[INFO] 2026-03-06 17:23:33,377 django.server log_message:213 - "GET /static/images/favicon/favicon.ico HTTP/1.1" 200 2698
[INFO] 2026-03-06 17:23:49,066 django.server log_message:213 - "GET /signup/buyer/ HTTP/1.1" 200 11772
[INFO] 2026-03-06 17:23:49,118 django.server log_message:213 - "GET /static/images/kasu_logo1.png HTTP/1.1" 200 12047
[INFO] 2026-03-06 17:23:49,237 django.server log_message:213 - "GET /signup/buyer/ HTTP/1.1" 200 11772
[INFO] 2026-03-06 17:23:49,381 django.server log_message:213 - "GET /signup/buyer/ HTTP/1.1" 200 11772
[INFO] 2026-03-06 17:23:49,525 django.server log_message:213 - "GET /signup/buyer/ HTTP/1.1" 200 11772
[INFO] 2026-03-06 17:23:49,660 django.server log_message:213 - "GET /signup/buyer/ HTTP/1.1" 200 11772
[INFO] 2026-03-06 17:23:50,035 django.server log_message:213 - "GET /static/images/kasu_logo1.png HTTP/1.1" 200 12047
[INFO] 2026-03-06 17:23:50,850 django.server log_message:213 - "GET /static/images/kasu_logo1.png HTTP/1.1" 200 12047
[INFO] 2026-03-06 17:23:53,827 django.server log_message:213 - "GET /static/images/favicon/favicon.ico HTTP/1.1" 200 2698
[INFO] 2026-03-06 17:28:58,595 django.server log_message:213 - "GET /signup/buyer/ HTTP/1.1" 200 11772
[INFO] 2026-03-06 17:28:58,679 django.server log_message:213 - "GET /static/images/kasu_logo1.png HTTP/1.1" 200 13003
[INFO] 2026-03-06 17:29:20,075 django.server log_message:213 - "GET /login/ HTTP/1.1" 200 11346
[INFO] 2026-03-06 17:29:20,137 django.server log_message:213 - "GET /static/images/kasu_logo1.png HTTP/1.1" 304 0
[INFO] 2026-03-06 17:30:55,034 django.server log_message:213 - "GET /login/ HTTP/1.1" 200 11346
[INFO] 2026-03-06 17:30:55,154 django.server log_message:213 - "GET /static/images/kasu_logo1.png HTTP/1.1" 200 17675
[INFO] 2026-03-06 17:31:06,764 django.server log_message:213 - "GET /static/images/favicon/favicon.ico HTTP/1.1" 200 2698
[INFO] 2026-03-06 17:48:48,383 django.server log_message:213 - "GET /login/ HTTP/1.1" 200 11346
[INFO] 2026-03-06 17:48:48,471 django.server log_message:213 - "GET /static/images/kasu_logo1.png HTTP/1.1" 200 30227
[INFO] 2026-03-06 17:48:51,336 django.server log_message:213 - "GET /static/images/favicon/favicon.ico HTTP/1.1" 200 2698
[INFO] 2026-03-06 17:48:51,347 django.server log_message:213 - "GET /static/images/favicon/favicon_32x32.png HTTP/1.1" 304 0
[INFO] 2026-03-06 17:53:15,325 django.server log_message:213 - "GET /login/ HTTP/1.1" 200 11346
[INFO] 2026-03-06 17:53:15,386 django.server log_message:213 - "GET /static/images/kasu_logo1.png HTTP/1.1" 200 26848
[INFO] 2026-03-06 17:53:35,361 django.server log_message:213 - "GET /static/images/favicon/favicon.ico HTTP/1.1" 200 2698
[INFO] 2026-03-06 17:55:27,367 django.server log_message:213 - "GET /signup/buyer/ HTTP/1.1" 200 11772
[INFO] 2026-03-06 17:55:27,464 django.server log_message:213 - "GET /static/images/kasu_logo1.png HTTP/1.1" 304 0
[INFO] 2026-03-06 17:56:08,021 django.server log_message:213 - "GET /accounts/google/login/?next=/signup/buyer/ HTTP/1.1" 302 0
[DEBUG] 2026-03-06 17:56:28,565 urllib3.connectionpool _new_conn:1049 - Starting new HTTPS connection (1): oauth2.googleapis.com:443
[DEBUG] 2026-03-06 17:56:30,466 urllib3.connectionpool _make_request:544 - https://oauth2.googleapis.com:443 "POST /token HTTP/1.1" 200 None
[INFO] 2026-03-06 17:56:30,759 apps.users.adapters populate_user:95 - OAuth Provider: google
[INFO] 2026-03-06 17:56:30,760 apps.users.adapters populate_user:96 - OAuth Data Keys: ['email', 'last_name', 'first_name']
[DEBUG] 2026-03-06 17:56:30,761 apps.users.adapters populate_user:97 - OAuth Data: {'email': 'remedylongkat3030@gmail.com', 'last_name': 'Longkat', 'first_name': 'Remedy'}
[INFO] 2026-03-06 17:56:31,073 apps.users.adapters pre_social_login:26 - Looking for existing user with email: remedylongkat3030@gmail.com
[INFO] 2026-03-06 17:56:31,076 apps.users.adapters pre_social_login:28 - Found existing user, connecting: remedylongkat3030@gmail.com
[INFO] 2026-03-06 17:56:31,344 apps.users.signals _assign_role_from_request:20 - _assign_role_from_request: skipping role assignment for remedylongkat3030@gmail.com (already 'vendor')
[INFO] 2026-03-06 17:56:31,346 apps.users.signals assign_role_on_social_signup:89 - Assigned role 'vendor' on social signup for remedylongkat3030@gmail.com
[INFO] 2026-03-06 17:56:31,787 apps.marketplace.signals merge_cart_on_login:76 - Cart merged for user remedylongkat3030@gmail.com
[INFO] 2026-03-06 17:56:31,923 django.server log_message:213 - "GET /accounts/google/login/callback/?state=B2UotuXW8I6Vsp3F&iss=https%3A%2F%2Faccounts.google.com&code=4%2F0AfrIepAdA5q2ZRkNOyG-tY4SE9q3YHOz9XmpiPakxATdke3J730T_SSmGbxHLKkLd1TjOw&scope=email+profile+https%3A%2F%2Fwww.googleapis.com%2Fauth%2Fuserinfo.profile+https%3A%2F%2Fwww.googleapis.com%2Fauth%2Fuserinfo.email+openid&authuser=0&prompt=none HTTP/1.1" 302 0
[INFO] 2026-03-06 17:56:31,970 django.server log_message:213 - "GET /signup/buyer/ HTTP/1.1" 302 0
[INFO] 2026-03-06 17:56:32,025 django.server log_message:213 - "GET /buyer/dashboard/ HTTP/1.1" 302 0
[INFO] 2026-03-06 17:56:32,048 django.server log_message:213 - "GET / HTTP/1.1" 302 0
[INFO] 2026-03-06 17:56:32,866 django.server log_message:213 - "GET /vendors/ HTTP/1.1" 200 47960
[INFO] 2026-03-06 17:57:43,991 django.server log_message:213 - "POST /accounts/logout/ HTTP/1.1" 302 0
[INFO] 2026-03-06 17:57:44,478 django.server log_message:213 - "GET / HTTP/1.1" 200 58823
[INFO] 2026-03-06 18:13:32,569 django.utils.autoreload run_with_reloader:667 - Watching for file changes with StatReloader
[INFO] 2026-03-06 18:13:32,904 apps.vendors.services.dojah __init__:49 - 🧪 Dojah Service running in SANDBOX mode
[INFO] 2026-03-06 18:13:58,512 django.server log_message:213 - "GET / HTTP/1.1" 200 58685
[INFO] 2026-03-06 18:13:58,513 django.server handle_error:81 - - Broken pipe from ('127.0.0.1', 60390)
[INFO] 2026-03-06 18:13:58,514 django.server handle_error:81 - - Broken pipe from ('127.0.0.1', 60389)
[INFO] 2026-03-06 18:13:58,733 django.server log_message:213 - "GET / HTTP/1.1" 200 58685
[INFO] 2026-03-06 18:13:58,995 django.server log_message:213 - "GET / HTTP/1.1" 200 58685
[INFO] 2026-03-06 18:14:03,351 django.server log_message:213 - "GET /static/images/favicon/favicon_32x32.png HTTP/1.1" 304 0
